<?xml version="1.0" encoding="UTF-8" ?>
<testsuite errors="0" failures="0" hostname="localhost" name="cs143.SortedDecimalMapTest" skipped="0" tests="6" time="0.114" timestamp="2017-08-05T22:35:10">
  <properties>
[...]
</properties>
  <testcase classname="cs143.SortedDecimalMapTest" name="testGet" time="0.006" />
  <testcase classname="cs143.SortedDecimalMapTest" name="testContains" time="0.0" />
  <testcase classname="cs143.SortedDecimalMapTest" name="testInsert" time="0.0" />
  <testcase classname="cs143.SortedDecimalMapTest" name="testIsEmpty" time="0.0" />
  <testcase classname="cs143.SortedDecimalMapTest" name="testRemove" time="0.0" />
  <testcase classname="cs143.SortedDecimalMapTest" name="testIterator" time="0.022" />
  <system-out><![CDATA[]]></system-out>
  <system-err><![CDATA[]]></system-err>
</testsuite>
